<?xml version="1.0" encoding="UTF-8"?>
<!-- Generated by org.testng.reporters.JUnitXMLReporter -->
<testsuite hostname="admin1-LIVA-Z2V" ignored="0" name="Default test" tests="3" failures="0" timestamp="10 Jan 2020 11:58:00 GMT" time="5.394" errors="0">
  <testcase name="acessInvalidApi" time="3.904" classname="com.bridgelabz.restassured.oauth.OAuth2"/>
  <testcase name="acessValidApi" time="0.463" classname="com.bridgelabz.restassured.oauth.OAuth2"/>
  <testcase name="acessValidApiUsing_TokenTest" time="0.973" classname="com.bridgelabz.restassured.oauth.OAuth2"/>
</testsuite> <!-- Default test -->
