<?xml version="1.0" encoding="UTF-8"?>
<testng-results skipped="0" failed="0" ignored="0" total="3" passed="3">
  <reporter-output>
  </reporter-output>
  <suite name="Default suite" duration-ms="5394" started-at="2020-01-10T11:57:54Z" finished-at="2020-01-10T11:58:00Z">
    <groups>
    </groups>
    <test name="Default test" duration-ms="5394" started-at="2020-01-10T11:57:54Z" finished-at="2020-01-10T11:58:00Z">
      <class name="com.bridgelabz.restassured.oauth.OAuth2">
        <test-method status="PASS" signature="acessInvalidApi()[pri:0, instance:com.bridgelabz.restassured.oauth.OAuth2@d2cc05a]" name="acessInvalidApi" duration-ms="3904" started-at="2020-01-10T17:27:55Z" finished-at="2020-01-10T17:27:58Z">
          <reporter-output>
          </reporter-output>
        </test-method> <!-- acessInvalidApi -->
        <test-method status="PASS" signature="acessValidApi()[pri:0, instance:com.bridgelabz.restassured.oauth.OAuth2@d2cc05a]" name="acessValidApi" duration-ms="463" started-at="2020-01-10T17:27:58Z" finished-at="2020-01-10T17:27:59Z">
          <reporter-output>
          </reporter-output>
        </test-method> <!-- acessValidApi -->
        <test-method status="PASS" signature="acessValidApiUsing_TokenTest()[pri:0, instance:com.bridgelabz.restassured.oauth.OAuth2@d2cc05a]" name="acessValidApiUsing_TokenTest" duration-ms="973" started-at="2020-01-10T17:27:59Z" finished-at="2020-01-10T17:28:00Z">
          <reporter-output>
          </reporter-output>
        </test-method> <!-- acessValidApiUsing_TokenTest -->
      </class> <!-- com.bridgelabz.restassured.oauth.OAuth2 -->
    </test> <!-- Default test -->
  </suite> <!-- Default suite -->
</testng-results>
